

[31m2020/11/02 20:50:06 [Recovery] 2020/11/02 - 20:50:06 panic recovered:
runtime error: invalid memory address or nil pointer dereference
/usr/local/go/src/runtime/panic.go:212 (0x44cd12)
	panicmem: panic(memoryError)
/usr/local/go/src/runtime/signal_unix.go:720 (0x44cb92)
	sigpanic: panicmem()
/home/minh/Desktop/Project1/bet-store/Backend/CDNServer/vendor/github.com/gin-gonic/gin/context.go:850 (0x7bbdfb)
	(*Context).HTML: instance := c.engine.HTMLRender.Instance(name, obj)
/home/minh/Desktop/Project1/bet-store/Backend/CDNServer/api/route.go:28 (0x7c9384)
	RouteTest.func1: ctx.HTML(200, "/public/index.html", "")
/home/minh/Desktop/Project1/bet-store/Backend/CDNServer/vendor/github.com/gin-gonic/gin/context.go:161 (0x7bb63a)
	(*Context).Next: c.handlers[c.index](c)
/home/minh/Desktop/Project1/bet-store/Backend/CDNServer/vendor/github.com/gin-gonic/gin/logger.go:241 (0x7c6644)
	LoggerWithConfig.func1: c.Next()
/home/minh/Desktop/Project1/bet-store/Backend/CDNServer/vendor/github.com/gin-gonic/gin/context.go:161 (0x7bb63a)
	(*Context).Next: c.handlers[c.index](c)
/home/minh/Desktop/Project1/bet-store/Backend/CDNServer/vendor/github.com/gin-gonic/gin/recovery.go:83 (0x7c7544)
	RecoveryWithWriter.func1: c.Next()
/home/minh/Desktop/Project1/bet-store/Backend/CDNServer/vendor/github.com/gin-gonic/gin/context.go:161 (0x7bb63a)
	(*Context).Next: c.handlers[c.index](c)
/home/minh/Desktop/Project1/bet-store/Backend/CDNServer/vendor/github.com/gin-gonic/gin/gin.go:409 (0x7be4f9)
	(*Engine).handleHTTPRequest: c.Next()
/home/minh/Desktop/Project1/bet-store/Backend/CDNServer/vendor/github.com/gin-gonic/gin/gin.go:367 (0x7bdd6c)
	(*Engine).ServeHTTP: engine.handleHTTPRequest(c)
/usr/local/go/src/net/http/server.go:2843 (0x6a8182)
	serverHandler.ServeHTTP: handler.ServeHTTP(rw, req)
/usr/local/go/src/net/http/server.go:1925 (0x6a474c)
	(*conn).serve: serverHandler{c.server}.ServeHTTP(w, w.req)
/usr/local/go/src/runtime/asm_amd64.s:1374 (0x46bf20)
	goexit: BYTE	$0x90	// NOP
[0m


[31m2020/11/02 20:50:14 [Recovery] 2020/11/02 - 20:50:14 panic recovered:
runtime error: invalid memory address or nil pointer dereference
/usr/local/go/src/runtime/panic.go:212 (0x44cd12)
	panicmem: panic(memoryError)
/usr/local/go/src/runtime/signal_unix.go:720 (0x44cb92)
	sigpanic: panicmem()
/home/minh/Desktop/Project1/bet-store/Backend/CDNServer/vendor/github.com/gin-gonic/gin/context.go:850 (0x7bbdfb)
	(*Context).HTML: instance := c.engine.HTMLRender.Instance(name, obj)
/home/minh/Desktop/Project1/bet-store/Backend/CDNServer/api/route.go:28 (0x7c9384)
	RouteTest.func1: ctx.HTML(200, "./public/index.html", "")
/home/minh/Desktop/Project1/bet-store/Backend/CDNServer/vendor/github.com/gin-gonic/gin/context.go:161 (0x7bb63a)
	(*Context).Next: c.handlers[c.index](c)
/home/minh/Desktop/Project1/bet-store/Backend/CDNServer/vendor/github.com/gin-gonic/gin/logger.go:241 (0x7c6644)
	LoggerWithConfig.func1: c.Next()
/home/minh/Desktop/Project1/bet-store/Backend/CDNServer/vendor/github.com/gin-gonic/gin/context.go:161 (0x7bb63a)
	(*Context).Next: c.handlers[c.index](c)
/home/minh/Desktop/Project1/bet-store/Backend/CDNServer/vendor/github.com/gin-gonic/gin/recovery.go:83 (0x7c7544)
	RecoveryWithWriter.func1: c.Next()
/home/minh/Desktop/Project1/bet-store/Backend/CDNServer/vendor/github.com/gin-gonic/gin/context.go:161 (0x7bb63a)
	(*Context).Next: c.handlers[c.index](c)
/home/minh/Desktop/Project1/bet-store/Backend/CDNServer/vendor/github.com/gin-gonic/gin/gin.go:409 (0x7be4f9)
	(*Engine).handleHTTPRequest: c.Next()
/home/minh/Desktop/Project1/bet-store/Backend/CDNServer/vendor/github.com/gin-gonic/gin/gin.go:367 (0x7bdd6c)
	(*Engine).ServeHTTP: engine.handleHTTPRequest(c)
/usr/local/go/src/net/http/server.go:2843 (0x6a8182)
	serverHandler.ServeHTTP: handler.ServeHTTP(rw, req)
/usr/local/go/src/net/http/server.go:1925 (0x6a474c)
	(*conn).serve: serverHandler{c.server}.ServeHTTP(w, w.req)
/usr/local/go/src/runtime/asm_amd64.s:1374 (0x46bf20)
	goexit: BYTE	$0x90	// NOP
[0m


[31m2020/11/02 20:50:19 [Recovery] 2020/11/02 - 20:50:19 panic recovered:
runtime error: invalid memory address or nil pointer dereference
/usr/local/go/src/runtime/panic.go:212 (0x44cd12)
	panicmem: panic(memoryError)
/usr/local/go/src/runtime/signal_unix.go:720 (0x44cb92)
	sigpanic: panicmem()
/home/minh/Desktop/Project1/bet-store/Backend/CDNServer/vendor/github.com/gin-gonic/gin/context.go:850 (0x7bbdfb)
	(*Context).HTML: instance := c.engine.HTMLRender.Instance(name, obj)
/home/minh/Desktop/Project1/bet-store/Backend/CDNServer/api/route.go:28 (0x7c9384)
	RouteTest.func1: ctx.HTML(200, "./public/index.html", "")
/home/minh/Desktop/Project1/bet-store/Backend/CDNServer/vendor/github.com/gin-gonic/gin/context.go:161 (0x7bb63a)
	(*Context).Next: c.handlers[c.index](c)
/home/minh/Desktop/Project1/bet-store/Backend/CDNServer/vendor/github.com/gin-gonic/gin/logger.go:241 (0x7c6644)
	LoggerWithConfig.func1: c.Next()
/home/minh/Desktop/Project1/bet-store/Backend/CDNServer/vendor/github.com/gin-gonic/gin/context.go:161 (0x7bb63a)
	(*Context).Next: c.handlers[c.index](c)
/home/minh/Desktop/Project1/bet-store/Backend/CDNServer/vendor/github.com/gin-gonic/gin/recovery.go:83 (0x7c7544)
	RecoveryWithWriter.func1: c.Next()
/home/minh/Desktop/Project1/bet-store/Backend/CDNServer/vendor/github.com/gin-gonic/gin/context.go:161 (0x7bb63a)
	(*Context).Next: c.handlers[c.index](c)
/home/minh/Desktop/Project1/bet-store/Backend/CDNServer/vendor/github.com/gin-gonic/gin/gin.go:409 (0x7be4f9)
	(*Engine).handleHTTPRequest: c.Next()
/home/minh/Desktop/Project1/bet-store/Backend/CDNServer/vendor/github.com/gin-gonic/gin/gin.go:367 (0x7bdd6c)
	(*Engine).ServeHTTP: engine.handleHTTPRequest(c)
/usr/local/go/src/net/http/server.go:2843 (0x6a8182)
	serverHandler.ServeHTTP: handler.ServeHTTP(rw, req)
/usr/local/go/src/net/http/server.go:1925 (0x6a474c)
	(*conn).serve: serverHandler{c.server}.ServeHTTP(w, w.req)
/usr/local/go/src/runtime/asm_amd64.s:1374 (0x46bf20)
	goexit: BYTE	$0x90	// NOP
[0m


[31m2020/11/02 20:50:20 [Recovery] 2020/11/02 - 20:50:20 panic recovered:
runtime error: invalid memory address or nil pointer dereference
/usr/local/go/src/runtime/panic.go:212 (0x44cd12)
	panicmem: panic(memoryError)
/usr/local/go/src/runtime/signal_unix.go:720 (0x44cb92)
	sigpanic: panicmem()
/home/minh/Desktop/Project1/bet-store/Backend/CDNServer/vendor/github.com/gin-gonic/gin/context.go:850 (0x7bbdfb)
	(*Context).HTML: instance := c.engine.HTMLRender.Instance(name, obj)
/home/minh/Desktop/Project1/bet-store/Backend/CDNServer/api/route.go:28 (0x7c9384)
	RouteTest.func1: ctx.HTML(200, "./public/index.html", "")
/home/minh/Desktop/Project1/bet-store/Backend/CDNServer/vendor/github.com/gin-gonic/gin/context.go:161 (0x7bb63a)
	(*Context).Next: c.handlers[c.index](c)
/home/minh/Desktop/Project1/bet-store/Backend/CDNServer/vendor/github.com/gin-gonic/gin/logger.go:241 (0x7c6644)
	LoggerWithConfig.func1: c.Next()
/home/minh/Desktop/Project1/bet-store/Backend/CDNServer/vendor/github.com/gin-gonic/gin/context.go:161 (0x7bb63a)
	(*Context).Next: c.handlers[c.index](c)
/home/minh/Desktop/Project1/bet-store/Backend/CDNServer/vendor/github.com/gin-gonic/gin/recovery.go:83 (0x7c7544)
	RecoveryWithWriter.func1: c.Next()
/home/minh/Desktop/Project1/bet-store/Backend/CDNServer/vendor/github.com/gin-gonic/gin/context.go:161 (0x7bb63a)
	(*Context).Next: c.handlers[c.index](c)
/home/minh/Desktop/Project1/bet-store/Backend/CDNServer/vendor/github.com/gin-gonic/gin/gin.go:409 (0x7be4f9)
	(*Engine).handleHTTPRequest: c.Next()
/home/minh/Desktop/Project1/bet-store/Backend/CDNServer/vendor/github.com/gin-gonic/gin/gin.go:367 (0x7bdd6c)
	(*Engine).ServeHTTP: engine.handleHTTPRequest(c)
/usr/local/go/src/net/http/server.go:2843 (0x6a8182)
	serverHandler.ServeHTTP: handler.ServeHTTP(rw, req)
/usr/local/go/src/net/http/server.go:1925 (0x6a474c)
	(*conn).serve: serverHandler{c.server}.ServeHTTP(w, w.req)
/usr/local/go/src/runtime/asm_amd64.s:1374 (0x46bf20)
	goexit: BYTE	$0x90	// NOP
[0m


[31m2020/11/02 20:50:20 [Recovery] 2020/11/02 - 20:50:20 panic recovered:
runtime error: invalid memory address or nil pointer dereference
/usr/local/go/src/runtime/panic.go:212 (0x44cd12)
	panicmem: panic(memoryError)
/usr/local/go/src/runtime/signal_unix.go:720 (0x44cb92)
	sigpanic: panicmem()
/home/minh/Desktop/Project1/bet-store/Backend/CDNServer/vendor/github.com/gin-gonic/gin/context.go:850 (0x7bbdfb)
	(*Context).HTML: instance := c.engine.HTMLRender.Instance(name, obj)
/home/minh/Desktop/Project1/bet-store/Backend/CDNServer/api/route.go:28 (0x7c9384)
	RouteTest.func1: ctx.HTML(200, "./public/index.html", "")
/home/minh/Desktop/Project1/bet-store/Backend/CDNServer/vendor/github.com/gin-gonic/gin/context.go:161 (0x7bb63a)
	(*Context).Next: c.handlers[c.index](c)
/home/minh/Desktop/Project1/bet-store/Backend/CDNServer/vendor/github.com/gin-gonic/gin/logger.go:241 (0x7c6644)
	LoggerWithConfig.func1: c.Next()
/home/minh/Desktop/Project1/bet-store/Backend/CDNServer/vendor/github.com/gin-gonic/gin/context.go:161 (0x7bb63a)
	(*Context).Next: c.handlers[c.index](c)
/home/minh/Desktop/Project1/bet-store/Backend/CDNServer/vendor/github.com/gin-gonic/gin/recovery.go:83 (0x7c7544)
	RecoveryWithWriter.func1: c.Next()
/home/minh/Desktop/Project1/bet-store/Backend/CDNServer/vendor/github.com/gin-gonic/gin/context.go:161 (0x7bb63a)
	(*Context).Next: c.handlers[c.index](c)
/home/minh/Desktop/Project1/bet-store/Backend/CDNServer/vendor/github.com/gin-gonic/gin/gin.go:409 (0x7be4f9)
	(*Engine).handleHTTPRequest: c.Next()
/home/minh/Desktop/Project1/bet-store/Backend/CDNServer/vendor/github.com/gin-gonic/gin/gin.go:367 (0x7bdd6c)
	(*Engine).ServeHTTP: engine.handleHTTPRequest(c)
/usr/local/go/src/net/http/server.go:2843 (0x6a8182)
	serverHandler.ServeHTTP: handler.ServeHTTP(rw, req)
/usr/local/go/src/net/http/server.go:1925 (0x6a474c)
	(*conn).serve: serverHandler{c.server}.ServeHTTP(w, w.req)
/usr/local/go/src/runtime/asm_amd64.s:1374 (0x46bf20)
	goexit: BYTE	$0x90	// NOP
[0m


[31m2020/11/02 20:50:20 [Recovery] 2020/11/02 - 20:50:20 panic recovered:
runtime error: invalid memory address or nil pointer dereference
/usr/local/go/src/runtime/panic.go:212 (0x44cd12)
	panicmem: panic(memoryError)
/usr/local/go/src/runtime/signal_unix.go:720 (0x44cb92)
	sigpanic: panicmem()
/home/minh/Desktop/Project1/bet-store/Backend/CDNServer/vendor/github.com/gin-gonic/gin/context.go:850 (0x7bbdfb)
	(*Context).HTML: instance := c.engine.HTMLRender.Instance(name, obj)
/home/minh/Desktop/Project1/bet-store/Backend/CDNServer/api/route.go:28 (0x7c9384)
	RouteTest.func1: ctx.HTML(200, "./public/index.html", "")
/home/minh/Desktop/Project1/bet-store/Backend/CDNServer/vendor/github.com/gin-gonic/gin/context.go:161 (0x7bb63a)
	(*Context).Next: c.handlers[c.index](c)
/home/minh/Desktop/Project1/bet-store/Backend/CDNServer/vendor/github.com/gin-gonic/gin/logger.go:241 (0x7c6644)
	LoggerWithConfig.func1: c.Next()
/home/minh/Desktop/Project1/bet-store/Backend/CDNServer/vendor/github.com/gin-gonic/gin/context.go:161 (0x7bb63a)
	(*Context).Next: c.handlers[c.index](c)
/home/minh/Desktop/Project1/bet-store/Backend/CDNServer/vendor/github.com/gin-gonic/gin/recovery.go:83 (0x7c7544)
	RecoveryWithWriter.func1: c.Next()
/home/minh/Desktop/Project1/bet-store/Backend/CDNServer/vendor/github.com/gin-gonic/gin/context.go:161 (0x7bb63a)
	(*Context).Next: c.handlers[c.index](c)
/home/minh/Desktop/Project1/bet-store/Backend/CDNServer/vendor/github.com/gin-gonic/gin/gin.go:409 (0x7be4f9)
	(*Engine).handleHTTPRequest: c.Next()
/home/minh/Desktop/Project1/bet-store/Backend/CDNServer/vendor/github.com/gin-gonic/gin/gin.go:367 (0x7bdd6c)
	(*Engine).ServeHTTP: engine.handleHTTPRequest(c)
/usr/local/go/src/net/http/server.go:2843 (0x6a8182)
	serverHandler.ServeHTTP: handler.ServeHTTP(rw, req)
/usr/local/go/src/net/http/server.go:1925 (0x6a474c)
	(*conn).serve: serverHandler{c.server}.ServeHTTP(w, w.req)
/usr/local/go/src/runtime/asm_amd64.s:1374 (0x46bf20)
	goexit: BYTE	$0x90	// NOP
[0m


[31m2020/11/02 20:50:20 [Recovery] 2020/11/02 - 20:50:20 panic recovered:
runtime error: invalid memory address or nil pointer dereference
/usr/local/go/src/runtime/panic.go:212 (0x44cd12)
	panicmem: panic(memoryError)
/usr/local/go/src/runtime/signal_unix.go:720 (0x44cb92)
	sigpanic: panicmem()
/home/minh/Desktop/Project1/bet-store/Backend/CDNServer/vendor/github.com/gin-gonic/gin/context.go:850 (0x7bbdfb)
	(*Context).HTML: instance := c.engine.HTMLRender.Instance(name, obj)
/home/minh/Desktop/Project1/bet-store/Backend/CDNServer/api/route.go:28 (0x7c9384)
	RouteTest.func1: ctx.HTML(200, "./public/index.html", "")
/home/minh/Desktop/Project1/bet-store/Backend/CDNServer/vendor/github.com/gin-gonic/gin/context.go:161 (0x7bb63a)
	(*Context).Next: c.handlers[c.index](c)
/home/minh/Desktop/Project1/bet-store/Backend/CDNServer/vendor/github.com/gin-gonic/gin/logger.go:241 (0x7c6644)
	LoggerWithConfig.func1: c.Next()
/home/minh/Desktop/Project1/bet-store/Backend/CDNServer/vendor/github.com/gin-gonic/gin/context.go:161 (0x7bb63a)
	(*Context).Next: c.handlers[c.index](c)
/home/minh/Desktop/Project1/bet-store/Backend/CDNServer/vendor/github.com/gin-gonic/gin/recovery.go:83 (0x7c7544)
	RecoveryWithWriter.func1: c.Next()
/home/minh/Desktop/Project1/bet-store/Backend/CDNServer/vendor/github.com/gin-gonic/gin/context.go:161 (0x7bb63a)
	(*Context).Next: c.handlers[c.index](c)
/home/minh/Desktop/Project1/bet-store/Backend/CDNServer/vendor/github.com/gin-gonic/gin/gin.go:409 (0x7be4f9)
	(*Engine).handleHTTPRequest: c.Next()
/home/minh/Desktop/Project1/bet-store/Backend/CDNServer/vendor/github.com/gin-gonic/gin/gin.go:367 (0x7bdd6c)
	(*Engine).ServeHTTP: engine.handleHTTPRequest(c)
/usr/local/go/src/net/http/server.go:2843 (0x6a8182)
	serverHandler.ServeHTTP: handler.ServeHTTP(rw, req)
/usr/local/go/src/net/http/server.go:1925 (0x6a474c)
	(*conn).serve: serverHandler{c.server}.ServeHTTP(w, w.req)
/usr/local/go/src/runtime/asm_amd64.s:1374 (0x46bf20)
	goexit: BYTE	$0x90	// NOP
[0m


[31m2020/11/02 20:50:20 [Recovery] 2020/11/02 - 20:50:20 panic recovered:
runtime error: invalid memory address or nil pointer dereference
/usr/local/go/src/runtime/panic.go:212 (0x44cd12)
	panicmem: panic(memoryError)
/usr/local/go/src/runtime/signal_unix.go:720 (0x44cb92)
	sigpanic: panicmem()
/home/minh/Desktop/Project1/bet-store/Backend/CDNServer/vendor/github.com/gin-gonic/gin/context.go:850 (0x7bbdfb)
	(*Context).HTML: instance := c.engine.HTMLRender.Instance(name, obj)
/home/minh/Desktop/Project1/bet-store/Backend/CDNServer/api/route.go:28 (0x7c9384)
	RouteTest.func1: ctx.HTML(200, "./public/index.html", "")
/home/minh/Desktop/Project1/bet-store/Backend/CDNServer/vendor/github.com/gin-gonic/gin/context.go:161 (0x7bb63a)
	(*Context).Next: c.handlers[c.index](c)
/home/minh/Desktop/Project1/bet-store/Backend/CDNServer/vendor/github.com/gin-gonic/gin/logger.go:241 (0x7c6644)
	LoggerWithConfig.func1: c.Next()
/home/minh/Desktop/Project1/bet-store/Backend/CDNServer/vendor/github.com/gin-gonic/gin/context.go:161 (0x7bb63a)
	(*Context).Next: c.handlers[c.index](c)
/home/minh/Desktop/Project1/bet-store/Backend/CDNServer/vendor/github.com/gin-gonic/gin/recovery.go:83 (0x7c7544)
	RecoveryWithWriter.func1: c.Next()
/home/minh/Desktop/Project1/bet-store/Backend/CDNServer/vendor/github.com/gin-gonic/gin/context.go:161 (0x7bb63a)
	(*Context).Next: c.handlers[c.index](c)
/home/minh/Desktop/Project1/bet-store/Backend/CDNServer/vendor/github.com/gin-gonic/gin/gin.go:409 (0x7be4f9)
	(*Engine).handleHTTPRequest: c.Next()
/home/minh/Desktop/Project1/bet-store/Backend/CDNServer/vendor/github.com/gin-gonic/gin/gin.go:367 (0x7bdd6c)
	(*Engine).ServeHTTP: engine.handleHTTPRequest(c)
/usr/local/go/src/net/http/server.go:2843 (0x6a8182)
	serverHandler.ServeHTTP: handler.ServeHTTP(rw, req)
/usr/local/go/src/net/http/server.go:1925 (0x6a474c)
	(*conn).serve: serverHandler{c.server}.ServeHTTP(w, w.req)
/usr/local/go/src/runtime/asm_amd64.s:1374 (0x46bf20)
	goexit: BYTE	$0x90	// NOP
[0m


[31m2020/11/02 20:50:20 [Recovery] 2020/11/02 - 20:50:20 panic recovered:
runtime error: invalid memory address or nil pointer dereference
/usr/local/go/src/runtime/panic.go:212 (0x44cd12)
	panicmem: panic(memoryError)
/usr/local/go/src/runtime/signal_unix.go:720 (0x44cb92)
	sigpanic: panicmem()
/home/minh/Desktop/Project1/bet-store/Backend/CDNServer/vendor/github.com/gin-gonic/gin/context.go:850 (0x7bbdfb)
	(*Context).HTML: instance := c.engine.HTMLRender.Instance(name, obj)
/home/minh/Desktop/Project1/bet-store/Backend/CDNServer/api/route.go:28 (0x7c9384)
	RouteTest.func1: ctx.HTML(200, "./public/index.html", "")
/home/minh/Desktop/Project1/bet-store/Backend/CDNServer/vendor/github.com/gin-gonic/gin/context.go:161 (0x7bb63a)
	(*Context).Next: c.handlers[c.index](c)
/home/minh/Desktop/Project1/bet-store/Backend/CDNServer/vendor/github.com/gin-gonic/gin/logger.go:241 (0x7c6644)
	LoggerWithConfig.func1: c.Next()
/home/minh/Desktop/Project1/bet-store/Backend/CDNServer/vendor/github.com/gin-gonic/gin/context.go:161 (0x7bb63a)
	(*Context).Next: c.handlers[c.index](c)
/home/minh/Desktop/Project1/bet-store/Backend/CDNServer/vendor/github.com/gin-gonic/gin/recovery.go:83 (0x7c7544)
	RecoveryWithWriter.func1: c.Next()
/home/minh/Desktop/Project1/bet-store/Backend/CDNServer/vendor/github.com/gin-gonic/gin/context.go:161 (0x7bb63a)
	(*Context).Next: c.handlers[c.index](c)
/home/minh/Desktop/Project1/bet-store/Backend/CDNServer/vendor/github.com/gin-gonic/gin/gin.go:409 (0x7be4f9)
	(*Engine).handleHTTPRequest: c.Next()
/home/minh/Desktop/Project1/bet-store/Backend/CDNServer/vendor/github.com/gin-gonic/gin/gin.go:367 (0x7bdd6c)
	(*Engine).ServeHTTP: engine.handleHTTPRequest(c)
/usr/local/go/src/net/http/server.go:2843 (0x6a8182)
	serverHandler.ServeHTTP: handler.ServeHTTP(rw, req)
/usr/local/go/src/net/http/server.go:1925 (0x6a474c)
	(*conn).serve: serverHandler{c.server}.ServeHTTP(w, w.req)
/usr/local/go/src/runtime/asm_amd64.s:1374 (0x46bf20)
	goexit: BYTE	$0x90	// NOP
[0m


[31m2020/11/02 20:50:44 [Recovery] 2020/11/02 - 20:50:44 panic recovered:
runtime error: invalid memory address or nil pointer dereference
/usr/local/go/src/runtime/panic.go:212 (0x44cd12)
	panicmem: panic(memoryError)
/usr/local/go/src/runtime/signal_unix.go:720 (0x44cb92)
	sigpanic: panicmem()
/home/minh/Desktop/Project1/bet-store/Backend/CDNServer/vendor/github.com/gin-gonic/gin/context.go:850 (0x7bbdfb)
	(*Context).HTML: instance := c.engine.HTMLRender.Instance(name, obj)
/home/minh/Desktop/Project1/bet-store/Backend/CDNServer/api/route.go:28 (0x7c9384)
	RouteTest.func1: ctx.HTML(200, "public/index.html", "")
/home/minh/Desktop/Project1/bet-store/Backend/CDNServer/vendor/github.com/gin-gonic/gin/context.go:161 (0x7bb63a)
	(*Context).Next: c.handlers[c.index](c)
/home/minh/Desktop/Project1/bet-store/Backend/CDNServer/vendor/github.com/gin-gonic/gin/logger.go:241 (0x7c6644)
	LoggerWithConfig.func1: c.Next()
/home/minh/Desktop/Project1/bet-store/Backend/CDNServer/vendor/github.com/gin-gonic/gin/context.go:161 (0x7bb63a)
	(*Context).Next: c.handlers[c.index](c)
/home/minh/Desktop/Project1/bet-store/Backend/CDNServer/vendor/github.com/gin-gonic/gin/recovery.go:83 (0x7c7544)
	RecoveryWithWriter.func1: c.Next()
/home/minh/Desktop/Project1/bet-store/Backend/CDNServer/vendor/github.com/gin-gonic/gin/context.go:161 (0x7bb63a)
	(*Context).Next: c.handlers[c.index](c)
/home/minh/Desktop/Project1/bet-store/Backend/CDNServer/vendor/github.com/gin-gonic/gin/gin.go:409 (0x7be4f9)
	(*Engine).handleHTTPRequest: c.Next()
/home/minh/Desktop/Project1/bet-store/Backend/CDNServer/vendor/github.com/gin-gonic/gin/gin.go:367 (0x7bdd6c)
	(*Engine).ServeHTTP: engine.handleHTTPRequest(c)
/usr/local/go/src/net/http/server.go:2843 (0x6a8182)
	serverHandler.ServeHTTP: handler.ServeHTTP(rw, req)
/usr/local/go/src/net/http/server.go:1925 (0x6a474c)
	(*conn).serve: serverHandler{c.server}.ServeHTTP(w, w.req)
/usr/local/go/src/runtime/asm_amd64.s:1374 (0x46bf20)
	goexit: BYTE	$0x90	// NOP
[0m
