--------- GoServer Start at 2020/11/02 20:14:02 ---------
2020/11/02 - 20:14:04 |404|      730ns |        ::1 |GET    "/"
2020/11/02 - 20:14:31 |304|  242.458µs |        ::1 |GET    "/control/"

--------- GoServer Start at 2020/11/02 20:14:52 ---------
2020/11/02 - 20:14:55 |304|   80.276µs |        ::1 |GET    "/control/"
2020/11/02 - 20:14:56 |304|  120.293µs |        ::1 |GET    "/control/"
2020/11/02 - 20:14:58 |304|  206.222µs |        ::1 |GET    "/control/"
2020/11/02 - 20:16:19 |200| 1.780852ms |        ::1 |GET    "/control/"
2020/11/02 - 20:16:20 |304|   219.41µs |        ::1 |GET    "/control/"
2020/11/02 - 20:16:20 |304|   86.122µs |        ::1 |GET    "/control/"
2020/11/02 - 20:16:20 |304|   45.502µs |        ::1 |GET    "/control/"
2020/11/02 - 20:16:29 |200|   58.942µs |        ::1 |GET    "/control/"
2020/11/02 - 20:16:30 |304|  217.873µs |        ::1 |GET    "/control/"
2020/11/02 - 20:16:30 |304|   51.218µs |        ::1 |GET    "/control/"
2020/11/02 - 20:16:30 |304|   67.932µs |        ::1 |GET    "/control/"
2020/11/02 - 20:16:30 |304|  129.557µs |        ::1 |GET    "/control/"
2020/11/02 - 20:16:41 |200|   94.179µs |        ::1 |GET    "/control/"
2020/11/02 - 20:16:57 |200|   60.963µs |        ::1 |GET    "/control/"
2020/11/02 - 20:17:29 |200|   69.576µs |        ::1 |GET    "/control/"
2020/11/02 - 20:17:30 |304|  163.891µs |        ::1 |GET    "/control/"
2020/11/02 - 20:17:30 |304|  110.141µs |        ::1 |GET    "/control/"
2020/11/02 - 20:17:30 |304|   43.699µs |        ::1 |GET    "/control/"
2020/11/02 - 20:19:46 |200|   392.14µs |        ::1 |GET    "/control/"
2020/11/02 - 20:19:47 |304|  152.121µs |        ::1 |GET    "/control/"
2020/11/02 - 20:19:47 |304|   62.716µs |        ::1 |GET    "/control/"
2020/11/02 - 20:19:47 |304|    68.65µs |        ::1 |GET    "/control/"
2020/11/02 - 20:19:52 |304|     65.7µs |        ::1 |GET    "/control/"
2020/11/02 - 20:19:54 |304|   51.745µs |        ::1 |GET    "/control/"
2020/11/02 - 20:20:05 |200|   63.116µs |        ::1 |GET    "/control/"
2020/11/02 - 20:20:05 |304|   80.144µs |        ::1 |GET    "/control/"
2020/11/02 - 20:20:06 |304|  152.908µs |        ::1 |GET    "/control/"
2020/11/02 - 20:20:06 |304|   42.069µs |        ::1 |GET    "/control/"
2020/11/02 - 20:20:06 |304|   143.09µs |        ::1 |GET    "/control/"
2020/11/02 - 20:20:06 |304|   54.683µs |        ::1 |GET    "/control/"
2020/11/02 - 20:20:06 |304|  164.376µs |        ::1 |GET    "/control/"
2020/11/02 - 20:20:06 |304|   66.417µs |        ::1 |GET    "/control/"
2020/11/02 - 20:20:07 |304|  120.537µs |        ::1 |GET    "/control/"
2020/11/02 - 20:20:07 |304|   87.995µs |        ::1 |GET    "/control/"
2020/11/02 - 20:21:25 |200|   77.169µs |        ::1 |GET    "/control/"
2020/11/02 - 20:21:26 |304|   48.229µs |        ::1 |GET    "/control/"
2020/11/02 - 20:21:26 |304|  168.106µs |        ::1 |GET    "/control/"
2020/11/02 - 20:21:27 |304|  131.778µs |        ::1 |GET    "/control/"
2020/11/02 - 20:21:27 |304|      219µs |        ::1 |GET    "/control/"
2020/11/02 - 20:21:27 |304|  117.243µs |        ::1 |GET    "/control/"
2020/11/02 - 20:21:27 |304|  145.654µs |        ::1 |GET    "/control/"
2020/11/02 - 20:21:35 |200|   64.175µs |        ::1 |GET    "/control/"
2020/11/02 - 20:21:36 |304|   57.044µs |        ::1 |GET    "/control/"
2020/11/02 - 20:21:36 |304|  157.568µs |        ::1 |GET    "/control/"
2020/11/02 - 20:21:36 |304|   99.776µs |        ::1 |GET    "/control/"
2020/11/02 - 20:21:36 |304|  166.234µs |        ::1 |GET    "/control/"
2020/11/02 - 20:22:04 |200|   57.998µs |        ::1 |GET    "/control/"
2020/11/02 - 20:22:05 |304|    70.71µs |        ::1 |GET    "/control/"
2020/11/02 - 20:22:05 |304|  249.282µs |        ::1 |GET    "/control/"
2020/11/02 - 20:22:06 |304|  106.723µs |        ::1 |GET    "/control/"
2020/11/02 - 20:22:29 |200|  2.71704ms |        ::1 |POST   "/upload"
2020/11/02 - 20:22:40 |200|  426.258µs |        ::1 |GET    "/cdn/7cfc9add9c6cf5309ce9dde3eb881de802112020.png"
2020/11/02 - 20:22:55 |200| 65.027788ms |        ::1 |GET    "/cdn/7cfc9add9c6cf5309ce9dde3eb881de802112020.png?width=300"

--------- GoServer Start at 2020/11/02 20:27:14 ---------
2020/11/02 - 20:27:20 |304| 36.10524ms |        ::1 |GET    "/cdn/7cfc9add9c6cf5309ce9dde3eb881de802112020.png?width=300"
2020/11/02 - 20:27:21 |304| 72.437546ms |        ::1 |GET    "/cdn/7cfc9add9c6cf5309ce9dde3eb881de802112020.png?width=300"
2020/11/02 - 20:27:21 |304| 42.120191ms |        ::1 |GET    "/cdn/7cfc9add9c6cf5309ce9dde3eb881de802112020.png?width=300"
2020/11/02 - 20:27:21 |304| 46.910299ms |        ::1 |GET    "/cdn/7cfc9add9c6cf5309ce9dde3eb881de802112020.png?width=300"
2020/11/02 - 20:27:21 |304| 66.223676ms |        ::1 |GET    "/cdn/7cfc9add9c6cf5309ce9dde3eb881de802112020.png?width=300"
2020/11/02 - 20:27:22 |304| 69.947525ms |        ::1 |GET    "/cdn/7cfc9add9c6cf5309ce9dde3eb881de802112020.png?width=300"
